<?xml version="1.0" encoding="UTF-8"?>
<!-- Generated by org.testng.reporters.JUnitXMLReporter -->
<testsuite hostname="DESKTOP-8FBO8MG" ignored="1" name="Different testng Feature Test" tests="9" failures="1" timestamp="2019-12-18T15:27:46 CST" time="68.287" errors="0">
  <testcase name="testTitle" time="0.006" classname="com.test.AnnotationsTest"/>
  <testcase name="test" time="0.005" classname="com.test.Basic"/>
  <testcase name="test1" time="0.001" classname="com.test.Basic"/>
  <testcase name="test2" time="0.001" classname="com.test.Basic"/>
  <testcase name="test3" time="0.002" classname="com.test.Basic">
    <failure type="java.lang.AssertionError" message="expected [not matching the conditions] but found [false]">
      <![CDATA[java.lang.AssertionError: expected [not matching the conditions] but found [false]
at com.test.Basic.test3(Basic.java:26)
at java.util.ArrayList.forEach(ArrayList.java:1257)
... Removed 31 stack frames]]>
    </failure>
  </testcase> <!-- test3 -->
  <testcase name="testHomepageImage1" time="0.104" classname="com.test.SearsHomePageTest"/>
  <testcase name="testHomepageImage2" time="0.165" classname="com.test.SearsHomePageTest"/>
  <testcase name="testHomepageImage3" time="0.046" classname="com.test.SearsHomePageTest"/>
  <testcase name="searsTitleTest" time="0.009" classname="com.test.SearsHomePageTest"/>
  <testcase name="test4" time="0.0" classname="com.test.SearsHomePageTest">
    <ignored/>
  </testcase> <!-- test4 -->
</testsuite> <!-- Different testng Feature Test -->
